#
# There is insufficient memory for the Java Runtime Environment to continue.
# Native memory allocation (mmap) failed to map 65536 bytes for Failed to commit metaspace.
# Possible reasons:
#   The system is out of physical RAM or swap space
#   The process is running with CompressedOops enabled, and the Java Heap may be blocking the growth of the native heap
# Possible solutions:
#   Reduce memory load on the system
#   Increase physical memory or swap space
#   Check if swap backing store is full
#   Decrease Java heap size (-Xmx/-Xms)
#   Decrease number of Java threads
#   Decrease Java thread stack sizes (-Xss)
#   Set larger code cache with -XX:ReservedCodeCacheSize=
#   JVM is running with Zero Based Compressed Oops mode in which the Java heap is
#     placed in the first 32GB address space. The Java Heap base address is the
#     maximum limit for the native heap growth. Please use -XX:HeapBaseMinAddress
#     to set the Java Heap base and to place the Java Heap above 32GB virtual address.
# This output file may be truncated or incomplete.
#
#  Out of Memory Error (virtualSpaceNode.cpp:110), pid=7980, tid=6256
#
# JRE version: Java(TM) SE Runtime Environment (17.0.7+8) (build 17.0.7+8-LTS-224)
# Java VM: Java HotSpot(TM) 64-Bit Server VM (17.0.7+8-LTS-224, mixed mode, emulated-client, sharing, tiered, compressed oops, compressed class ptrs, g1 gc, windows-amd64)
# No core dump will be written. Minidumps are not enabled by default on client versions of Windows
#

---------------  S U M M A R Y ------------

Command Line: -agentlib:jdwp=transport=dt_socket,address=127.0.0.1:57959,suspend=y,server=n -XX:TieredStopAtLevel=1 -Dspring.output.ansi.enabled=always -Dcom.sun.management.jmxremote -Dspring.jmx.enabled=true -Dspring.liveBeansView.mbeanDomain -Dspring.application.admin.enabled=true -Dmanagement.endpoints.jmx.exposure.include=* -javaagent:C:\Users\truon\AppData\Local\JetBrains\IntelliJIdea2023.2\captureAgent\debugger-agent.jar=file:/C:/Users/truon/AppData/Local/Temp/capture.props -Dfile.encoding=UTF-8 tech.fublog.FuBlog.FuBlogApplication

Host: AMD Ryzen 7 5800H with Radeon Graphics         , 16 cores, 15G,  Windows 11 , 64 bit Build 22621 (10.0.22621.2361)
Time: Mon Oct  9 02:28:54 2023 SE Asia Standard Time elapsed time: 3.836358 seconds (0d 0h 0m 3s)

---------------  T H R E A D  ---------------

Current thread (0x0000014fc499d510):  JavaThread "restartedMain" [_thread_in_vm, id=6256, stack(0x0000003c0e500000,0x0000003c0e600000)]

Stack: [0x0000003c0e500000,0x0000003c0e600000]
Native frames: (J=compiled Java code, j=interpreted, Vv=VM code, C=native code)
V  [jvm.dll+0x676a4a]
V  [jvm.dll+0x7d74f4]
V  [jvm.dll+0x7d8c9e]
V  [jvm.dll+0x7d9303]
V  [jvm.dll+0x2452c5]
V  [jvm.dll+0x7d35fb]
V  [jvm.dll+0x61ca36]
V  [jvm.dll+0x1bfbf7]
V  [jvm.dll+0x61f390]
V  [jvm.dll+0x61d3f6]
V  [jvm.dll+0x239a0f]
V  [jvm.dll+0x6270b5]
V  [jvm.dll+0x1e96ad]
V  [jvm.dll+0x1e9c75]
V  [jvm.dll+0x1ea5bb]
V  [jvm.dll+0x1dfdc1]
V  [jvm.dll+0x53cf0c]
V  [jvm.dll+0x752158]
V  [jvm.dll+0x752244]
V  [jvm.dll+0x40b12f]
V  [jvm.dll+0x411149]
C  [java.dll+0x17ec]

Java frames: (J=compiled Java code, j=interpreted, Vv=VM code)
J 1145  java.lang.ClassLoader.defineClass1(Ljava/lang/ClassLoader;Ljava/lang/String;[BIILjava/security/ProtectionDomain;Ljava/lang/String;)Ljava/lang/Class; java.base@17.0.7 (0 bytes) @ 0x0000014fb3a711e3 [0x0000014fb3a71120+0x00000000000000c3]
J 1169 c1 java.lang.ClassLoader.defineClass(Ljava/lang/String;[BIILjava/security/ProtectionDomain;)Ljava/lang/Class; java.base@17.0.7 (43 bytes) @ 0x0000014fb3a827a4 [0x0000014fb3a82660+0x0000000000000144]
J 1153 c1 jdk.internal.loader.BuiltinClassLoader.defineClass(Ljava/lang/String;Ljdk/internal/loader/Resource;)Ljava/lang/Class; java.base@17.0.7 (121 bytes) @ 0x0000014fb3a7c1ac [0x0000014fb3a7bca0+0x000000000000050c]
J 1146 c1 jdk.internal.loader.BuiltinClassLoader.findClassOnClassPathOrNull(Ljava/lang/String;)Ljava/lang/Class; java.base@17.0.7 (64 bytes) @ 0x0000014fb3a7711c [0x0000014fb3a76e20+0x00000000000002fc]
J 989 c1 jdk.internal.loader.BuiltinClassLoader.loadClassOrNull(Ljava/lang/String;Z)Ljava/lang/Class; java.base@17.0.7 (143 bytes) @ 0x0000014fb3a297dc [0x0000014fb3a29300+0x00000000000004dc]
J 1076 c1 jdk.internal.loader.ClassLoaders$AppClassLoader.loadClass(Ljava/lang/String;Z)Ljava/lang/Class; java.base@17.0.7 (40 bytes) @ 0x0000014fb3a557bc [0x0000014fb3a55680+0x000000000000013c]
J 1075 c1 java.lang.ClassLoader.loadClass(Ljava/lang/String;)Ljava/lang/Class; java.base@17.0.7 (7 bytes) @ 0x0000014fb3a54afc [0x0000014fb3a54aa0+0x000000000000005c]
v  ~StubRoutines::call_stub
j  org.hibernate.query.spi.QueryEngine.resolveSqmTranslatorFactory(Lorg/hibernate/query/spi/QueryEngineOptions;Lorg/hibernate/dialect/Dialect;)Lorg/hibernate/query/sqm/sql/SqmTranslatorFactory;+28
j  org.hibernate.query.spi.QueryEngine.from(Lorg/hibernate/engine/spi/SessionFactoryImplementor;Lorg/hibernate/boot/spi/MetadataImplementor;)Lorg/hibernate/query/spi/QueryEngine;+42
j  org.hibernate.internal.SessionFactoryImpl.<init>(Lorg/hibernate/boot/spi/MetadataImplementor;Lorg/hibernate/boot/spi/SessionFactoryOptions;)V+659
j  org.hibernate.boot.internal.SessionFactoryBuilderImpl.build()Lorg/hibernate/SessionFactory;+59
j  org.hibernate.jpa.boot.internal.EntityManagerFactoryBuilderImpl.build()Ljakarta/persistence/EntityManagerFactory;+22
j  org.springframework.orm.jpa.vendor.SpringHibernateJpaPersistenceProvider.createContainerEntityManagerFactory(Ljakarta/persistence/spi/PersistenceUnitInfo;Ljava/util/Map;)Ljakarta/persistence/EntityManagerFactory;+55
j  org.springframework.orm.jpa.LocalContainerEntityManagerFactoryBean.createNativeEntityManagerFactory()Ljakarta/persistence/EntityManagerFactory;+111
j  org.springframework.orm.jpa.AbstractEntityManagerFactoryBean.buildNativeEntityManagerFactory()Ljakarta/persistence/EntityManagerFactory;+1
j  org.springframework.orm.jpa.AbstractEntityManagerFactoryBean.afterPropertiesSet()V+192
j  org.springframework.orm.jpa.LocalContainerEntityManagerFactoryBean.afterPropertiesSet()V+77
j  org.springframework.beans.factory.support.AbstractAutowireCapableBeanFactory.invokeInitMethods(Ljava/lang/String;Ljava/lang/Object;Lorg/springframework/beans/factory/support/RootBeanDefinition;)V+56
j  org.springframework.beans.factory.support.AbstractAutowireCapableBeanFactory.initializeBean(Ljava/lang/String;Ljava/lang/Object;Lorg/springframework/beans/factory/support/RootBeanDefinition;)Ljava/lang/Object;+34
j  org.springframework.beans.factory.support.AbstractAutowireCapableBeanFactory.doCreateBean(Ljava/lang/String;Lorg/springframework/beans/factory/support/RootBeanDefinition;[Ljava/lang/Object;)Ljava/lang/Object;+228
j  org.springframework.beans.factory.support.AbstractAutowireCapableBeanFactory.createBean(Ljava/lang/String;Lorg/springframework/beans/factory/support/RootBeanDefinition;[Ljava/lang/Object;)Ljava/lang/Object;+153
j  org.springframework.beans.factory.support.AbstractBeanFactory.lambda$doGetBean$0(Ljava/lang/String;Lorg/springframework/beans/factory/support/RootBeanDefinition;[Ljava/lang/Object;)Ljava/lang/Object;+4
j  org.springframework.beans.factory.support.AbstractBeanFactory$$Lambda$345+0x0000000800e108a0.getObject()Ljava/lang/Object;+16
j  org.springframework.beans.factory.support.DefaultSingletonBeanRegistry.getSingleton(Ljava/lang/String;Lorg/springframework/beans/factory/ObjectFactory;)Ljava/lang/Object;+114
J 3303 c1 org.springframework.beans.factory.support.AbstractBeanFactory.doGetBean(Ljava/lang/String;Ljava/lang/Class;[Ljava/lang/Object;Z)Ljava/lang/Object; (714 bytes) @ 0x0000014fb404edf4 [0x0000014fb404e7e0+0x0000000000000614]
j  org.springframework.beans.factory.support.AbstractBeanFactory.getBean(Ljava/lang/String;)Ljava/lang/Object;+5
j  org.springframework.context.support.AbstractApplicationContext.getBean(Ljava/lang/String;)Ljava/lang/Object;+9
j  org.springframework.context.support.AbstractApplicationContext.finishBeanFactoryInitialization(Lorg/springframework/beans/factory/config/ConfigurableListableBeanFactory;)V+106
j  org.springframework.context.support.AbstractApplicationContext.refresh()V+86
j  org.springframework.boot.web.servlet.context.ServletWebServerApplicationContext.refresh()V+1
j  org.springframework.boot.SpringApplication.refresh(Lorg/springframework/context/ConfigurableApplicationContext;)V+1
j  org.springframework.boot.SpringApplication.refreshContext(Lorg/springframework/context/ConfigurableApplicationContext;)V+16
j  org.springframework.boot.SpringApplication.run([Ljava/lang/String;)Lorg/springframework/context/ConfigurableApplicationContext;+101
j  org.springframework.boot.SpringApplication.run([Ljava/lang/Class;[Ljava/lang/String;)Lorg/springframework/context/ConfigurableApplicationContext;+9
j  org.springframework.boot.SpringApplication.run(Ljava/lang/Class;[Ljava/lang/String;)Lorg/springframework/context/ConfigurableApplicationContext;+9
j  tech.fublog.FuBlog.FuBlogApplication.main([Ljava/lang/String;)V+3
v  ~StubRoutines::call_stub
j  jdk.internal.reflect.NativeMethodAccessorImpl.invoke0(Ljava/lang/reflect/Method;Ljava/lang/Object;[Ljava/lang/Object;)Ljava/lang/Object;+0 java.base@17.0.7
j  jdk.internal.reflect.NativeMethodAccessorImpl.invoke(Ljava/lang/Object;[Ljava/lang/Object;)Ljava/lang/Object;+133 java.base@17.0.7
j  jdk.internal.reflect.DelegatingMethodAccessorImpl.invoke(Ljava/lang/Object;[Ljava/lang/Object;)Ljava/lang/Object;+6 java.base@17.0.7
j  java.lang.reflect.Method.invoke(Ljava/lang/Object;[Ljava/lang/Object;)Ljava/lang/Object;+59 java.base@17.0.7
j  org.springframework.boot.devtools.restart.RestartLauncher.run()V+42
v  ~StubRoutines::call_stub

---------------  P R O C E S S  ---------------

Threads class SMR info:
_java_thread_list=0x0000014fc54709d0, length=32, elements={
0x0000014fabd84a50, 0x0000014fc2ede160, 0x0000014fc3801090, 0x0000014fc3813730,
0x0000014fc3815000, 0x0000014fc38158c0, 0x0000014fc3816180, 0x0000014fc3816e50,
0x0000014fc3818490, 0x0000014fc38882f0, 0x0000014fc2ecc5a0, 0x0000014fc3915890,
0x0000014fc3919e60, 0x0000014fc3968e20, 0x0000014fc396d2a0, 0x0000014fc398d6f0,
0x0000014fc3993ee0, 0x0000014fc3fb68a0, 0x0000014fc49cde40, 0x0000014fc499d510,
0x0000014fc4d578c0, 0x0000014fc4dd65b0, 0x0000014fc4f8acd0, 0x0000014fc4f8cb30,
0x0000014fc4f8d040, 0x0000014fc4f8b1e0, 0x0000014fc7696d10, 0x0000014fc76971e0,
0x0000014fc595e9c0, 0x0000014fc76cc820, 0x0000014fc7afe670, 0x0000014fc4fe0500
}

Java Threads: ( => current thread )
  0x0000014fabd84a50 JavaThread "main" [_thread_blocked, id=3164, stack(0x0000003c0bf00000,0x0000003c0c000000)]
  0x0000014fc2ede160 JavaThread "Reference Handler" daemon [_thread_blocked, id=12644, stack(0x0000003c0c600000,0x0000003c0c700000)]
  0x0000014fc3801090 JavaThread "Finalizer" daemon [_thread_blocked, id=8504, stack(0x0000003c0c700000,0x0000003c0c800000)]
  0x0000014fc3813730 JavaThread "Signal Dispatcher" daemon [_thread_blocked, id=7796, stack(0x0000003c0c800000,0x0000003c0c900000)]
  0x0000014fc3815000 JavaThread "Attach Listener" daemon [_thread_blocked, id=7852, stack(0x0000003c0c900000,0x0000003c0ca00000)]
  0x0000014fc38158c0 JavaThread "Service Thread" daemon [_thread_blocked, id=15244, stack(0x0000003c0ca00000,0x0000003c0cb00000)]
  0x0000014fc3816180 JavaThread "Monitor Deflation Thread" daemon [_thread_blocked, id=18080, stack(0x0000003c0cb00000,0x0000003c0cc00000)]
  0x0000014fc3816e50 JavaThread "C1 CompilerThread0" daemon [_thread_blocked, id=19792, stack(0x0000003c0cc00000,0x0000003c0cd00000)]
  0x0000014fc3818490 JavaThread "Sweeper thread" daemon [_thread_blocked, id=6184, stack(0x0000003c0cd00000,0x0000003c0ce00000)]
  0x0000014fc38882f0 JavaThread "Common-Cleaner" daemon [_thread_blocked, id=19000, stack(0x0000003c0ce00000,0x0000003c0cf00000)]
  0x0000014fc2ecc5a0 JavaThread "C1 CompilerThread1" daemon [_thread_blocked, id=4480, stack(0x0000003c0cf00000,0x0000003c0d000000)]
  0x0000014fc3915890 JavaThread "C1 CompilerThread2" daemon [_thread_blocked, id=16032, stack(0x0000003c0d000000,0x0000003c0d100000)]
  0x0000014fc3919e60 JavaThread "C1 CompilerThread3" daemon [_thread_blocked, id=21128, stack(0x0000003c0d100000,0x0000003c0d200000)]
  0x0000014fc3968e20 JavaThread "JDWP Transport Listener: dt_socket" daemon [_thread_blocked, id=19472, stack(0x0000003c0d200000,0x0000003c0d300000)]
  0x0000014fc396d2a0 JavaThread "JDWP Event Helper Thread" daemon [_thread_blocked, id=16780, stack(0x0000003c0d300000,0x0000003c0d400000)]
  0x0000014fc398d6f0 JavaThread "JDWP Command Reader" daemon [_thread_in_native, id=3420, stack(0x0000003c0d400000,0x0000003c0d500000)]
  0x0000014fc3993ee0 JavaThread "Notification Thread" daemon [_thread_blocked, id=16136, stack(0x0000003c0d500000,0x0000003c0d600000)]
  0x0000014fc3fb68a0 JavaThread "RMI TCP Accept-0" daemon [_thread_in_native, id=6936, stack(0x0000003c0d600000,0x0000003c0d700000)]
  0x0000014fc49cde40 JavaThread "Thread-0" [_thread_blocked, id=16656, stack(0x0000003c0e400000,0x0000003c0e500000)]
=>0x0000014fc499d510 JavaThread "restartedMain" [_thread_in_vm, id=6256, stack(0x0000003c0e500000,0x0000003c0e600000)]
  0x0000014fc4d578c0 JavaThread "RMI TCP Connection(1)-26.80.120.224" daemon [_thread_in_native, id=21292, stack(0x0000003c0e700000,0x0000003c0e800000)]
  0x0000014fc4dd65b0 JavaThread "RMI Scheduler(0)" daemon [_thread_blocked, id=15220, stack(0x0000003c0e800000,0x0000003c0e900000)]
  0x0000014fc4f8acd0 JavaThread "C1 CompilerThread4" daemon [_thread_blocked, id=16676, stack(0x0000003c0e900000,0x0000003c0ea00000)]
  0x0000014fc4f8cb30 JavaThread "C1 CompilerThread5" daemon [_thread_blocked, id=19828, stack(0x0000003c0ea00000,0x0000003c0eb00000)]
  0x0000014fc4f8d040 JavaThread "C1 CompilerThread6" daemon [_thread_blocked, id=13792, stack(0x0000003c0eb00000,0x0000003c0ec00000)]
  0x0000014fc4f8b1e0 JavaThread "C1 CompilerThread7" daemon [_thread_blocked, id=17980, stack(0x0000003c0ec00000,0x0000003c0ed00000)]
  0x0000014fc7696d10 JavaThread "Catalina-utility-1" [_thread_blocked, id=21136, stack(0x0000003c0ed00000,0x0000003c0ee00000)]
  0x0000014fc76971e0 JavaThread "Catalina-utility-2" [_thread_blocked, id=6700, stack(0x0000003c0ef00000,0x0000003c0f000000)]
  0x0000014fc595e9c0 JavaThread "container-0" [_thread_blocked, id=18892, stack(0x0000003c0f000000,0x0000003c0f100000)]
  0x0000014fc76cc820 JavaThread "mysql-cj-abandoned-connection-cleanup" daemon [_thread_blocked, id=11024, stack(0x0000003c0f200000,0x0000003c0f300000)]
  0x0000014fc7afe670 JavaThread "HikariPool-1 housekeeper" daemon [_thread_blocked, id=304, stack(0x0000003c0f300000,0x0000003c0f400000)]
  0x0000014fc4fe0500 JavaThread "HikariPool-1 connection adder" daemon [_thread_in_vm, id=7904, stack(0x0000003c0f400000,0x0000003c0f500000)]

Other Threads:
  0x0000014fc2ed9750 VMThread "VM Thread" [stack: 0x0000003c0c500000,0x0000003c0c600000] [id=15208]
  0x0000014fc3fb7250 WatcherThread [stack: 0x0000003c0d700000,0x0000003c0d800000] [id=16800]
  0x0000014fabdf18a0 GCTaskThread "GC Thread#0" [stack: 0x0000003c0c000000,0x0000003c0c100000] [id=20400]
  0x0000014fc43303a0 GCTaskThread "GC Thread#1" [stack: 0x0000003c0d800000,0x0000003c0d900000] [id=17712]
  0x0000014fc432fe40 GCTaskThread "GC Thread#2" [stack: 0x0000003c0d900000,0x0000003c0da00000] [id=1608]
  0x0000014fc432f630 GCTaskThread "GC Thread#3" [stack: 0x0000003c0da00000,0x0000003c0db00000] [id=1976]
  0x0000014fc432f0d0 GCTaskThread "GC Thread#4" [stack: 0x0000003c0db00000,0x0000003c0dc00000] [id=7536]
  0x0000014fc4330650 GCTaskThread "GC Thread#5" [stack: 0x0000003c0dc00000,0x0000003c0dd00000] [id=2396]
  0x0000014fc432f8e0 GCTaskThread "GC Thread#6" [stack: 0x0000003c0dd00000,0x0000003c0de00000] [id=21792]
  0x0000014fc432ee20 GCTaskThread "GC Thread#7" [stack: 0x0000003c0de00000,0x0000003c0df00000] [id=6092]
  0x0000014fc432f380 GCTaskThread "GC Thread#8" [stack: 0x0000003c0df00000,0x0000003c0e000000] [id=6268]
  0x0000014fc432fb90 GCTaskThread "GC Thread#9" [stack: 0x0000003c0e000000,0x0000003c0e100000] [id=16804]
  0x0000014fc43300f0 GCTaskThread "GC Thread#10" [stack: 0x0000003c0e100000,0x0000003c0e200000] [id=6176]
  0x0000014fc432eb70 GCTaskThread "GC Thread#11" [stack: 0x0000003c0e200000,0x0000003c0e300000] [id=21804]
  0x0000014fc4360a60 GCTaskThread "GC Thread#12" [stack: 0x0000003c0e300000,0x0000003c0e400000] [id=3616]
  0x0000014fabe02cc0 ConcurrentGCThread "G1 Main Marker" [stack: 0x0000003c0c100000,0x0000003c0c200000] [id=9204]
  0x0000014fabe06500 ConcurrentGCThread "G1 Conc#0" [stack: 0x0000003c0c200000,0x0000003c0c300000] [id=19752]
  0x0000014fc4360fc0 ConcurrentGCThread "G1 Conc#1" [stack: 0x0000003c0e600000,0x0000003c0e700000] [id=4488]
  0x0000014fc43627f0 ConcurrentGCThread "G1 Conc#2" [stack: 0x0000003c0ee00000,0x0000003c0ef00000] [id=5964]
  0x0000014fabe3ece0 ConcurrentGCThread "G1 Refine#0" [stack: 0x0000003c0c300000,0x0000003c0c400000] [id=9576]
  0x0000014fc2d91780 ConcurrentGCThread "G1 Service" [stack: 0x0000003c0c400000,0x0000003c0c500000] [id=11924]

Threads with active compile tasks:

VM state: not at safepoint (normal execution)

VM Mutex/Monitor currently owned by a thread:  ([mutex/lock_event])
[0x0000014fabd7fd70] Metaspace_lock - owner thread: 0x0000014fc499d510

Heap address: 0x000000070a400000, size: 3932 MB, Compressed Oops mode: Zero based, Oop shift amount: 3

CDS archive(s) mapped at: [0x0000000800000000-0x0000000800bd0000-0x0000000800bd0000), size 12386304, SharedBaseAddress: 0x0000000800000000, ArchiveRelocationMode: 0.
Compressed class space mapped at: 0x0000000800c00000-0x0000000840c00000, reserved size: 1073741824
Narrow klass base: 0x0000000800000000, Narrow klass shift: 0, Narrow klass range: 0x100000000

GC Precious Log:
 CPUs: 16 total, 16 available
 Memory: 15724M
 Large Page Support: Disabled
 NUMA Support: Disabled
 Compressed Oops: Enabled (Zero based)
 Heap Region Size: 2M
 Heap Min Capacity: 8M
 Heap Initial Capacity: 246M
 Heap Max Capacity: 3932M
 Pre-touch: Disabled
 Parallel Workers: 13
 Concurrent Workers: 3
 Concurrent Refinement Workers: 13
 Periodic GC: Disabled

Heap:
 garbage-first heap   total 90112K, used 40948K [0x000000070a400000, 0x0000000800000000)
  region size 2048K, 10 young (20480K), 1 survivors (2048K)
 Metaspace       used 49469K, committed 49920K, reserved 1097728K
  class space    used 6906K, committed 7104K, reserved 1048576K

Heap Regions: E=young(eden), S=young(survivor), O=old, HS=humongous(starts), HC=humongous(continues), CS=collection set, F=free, OA=open archive, CA=closed archive, TAMS=top-at-mark-start (previous, next)
|   0|0x000000070a400000, 0x000000070a600000, 0x000000070a600000|100%| O|  |TAMS 0x000000070a600000, 0x000000070a400000| Untracked 
|   1|0x000000070a600000, 0x000000070a800000, 0x000000070a800000|100%| O|  |TAMS 0x000000070a800000, 0x000000070a600000| Untracked 
|   2|0x000000070a800000, 0x000000070aa00000, 0x000000070aa00000|100%| O|  |TAMS 0x000000070aa00000, 0x000000070a800000| Untracked 
|   3|0x000000070aa00000, 0x000000070ac00000, 0x000000070ac00000|100%| O|  |TAMS 0x000000070aa00000, 0x000000070aa00000| Untracked 
|   4|0x000000070ac00000, 0x000000070ae00000, 0x000000070ae00000|100%| O|  |TAMS 0x000000070ae00000, 0x000000070ac00000| Untracked 
|   5|0x000000070ae00000, 0x000000070b000000, 0x000000070b000000|100%| O|  |TAMS 0x000000070b000000, 0x000000070ae00000| Untracked 
|   6|0x000000070b000000, 0x000000070b200000, 0x000000070b200000|100%| O|  |TAMS 0x000000070b200000, 0x000000070b000000| Untracked 
|   7|0x000000070b200000, 0x000000070b400000, 0x000000070b400000|100%| O|  |TAMS 0x000000070b400000, 0x000000070b200000| Untracked 
|   8|0x000000070b400000, 0x000000070b400000, 0x000000070b600000|  0%| F|  |TAMS 0x000000070b400000, 0x000000070b400000| Untracked 
|   9|0x000000070b600000, 0x000000070b800000, 0x000000070b800000|100%| O|  |TAMS 0x000000070b600000, 0x000000070b600000| Untracked 
|  10|0x000000070b800000, 0x000000070ba00000, 0x000000070ba00000|100%| O|  |TAMS 0x000000070b800000, 0x000000070b800000| Untracked 
|  11|0x000000070ba00000, 0x000000070bc00000, 0x000000070bc00000|100%| O|  |TAMS 0x000000070ba00000, 0x000000070ba00000| Untracked 
|  12|0x000000070bc00000, 0x000000070bd48600, 0x000000070be00000| 64%| O|  |TAMS 0x000000070bc00000, 0x000000070bc00000| Untracked 
|  13|0x000000070be00000, 0x000000070be00000, 0x000000070c000000|  0%| F|  |TAMS 0x000000070be00000, 0x000000070be00000| Untracked 
|  14|0x000000070c000000, 0x000000070c000000, 0x000000070c200000|  0%| F|  |TAMS 0x000000070c000000, 0x000000070c000000| Untracked 
|  15|0x000000070c200000, 0x000000070c200000, 0x000000070c400000|  0%| F|  |TAMS 0x000000070c200000, 0x000000070c200000| Untracked 
|  16|0x000000070c400000, 0x000000070c400000, 0x000000070c600000|  0%| F|  |TAMS 0x000000070c400000, 0x000000070c400000| Untracked 
|  17|0x000000070c600000, 0x000000070c600000, 0x000000070c800000|  0%| F|  |TAMS 0x000000070c600000, 0x000000070c600000| Untracked 
|  18|0x000000070c800000, 0x000000070c800000, 0x000000070ca00000|  0%| F|  |TAMS 0x000000070c800000, 0x000000070c800000| Untracked 
|  19|0x000000070ca00000, 0x000000070ca00000, 0x000000070cc00000|  0%| F|  |TAMS 0x000000070ca00000, 0x000000070ca00000| Untracked 
|  20|0x000000070cc00000, 0x000000070cc00000, 0x000000070ce00000|  0%| F|  |TAMS 0x000000070cc00000, 0x000000070cc00000| Untracked 
|  21|0x000000070ce00000, 0x000000070ce00000, 0x000000070d000000|  0%| F|  |TAMS 0x000000070ce00000, 0x000000070ce00000| Untracked 
|  22|0x000000070d000000, 0x000000070d000000, 0x000000070d200000|  0%| F|  |TAMS 0x000000070d000000, 0x000000070d000000| Untracked 
|  23|0x000000070d200000, 0x000000070d200000, 0x000000070d400000|  0%| F|  |TAMS 0x000000070d200000, 0x000000070d200000| Untracked 
|  24|0x000000070d400000, 0x000000070d400000, 0x000000070d600000|  0%| F|  |TAMS 0x000000070d400000, 0x000000070d400000| Untracked 
|  25|0x000000070d600000, 0x000000070d600000, 0x000000070d800000|  0%| F|  |TAMS 0x000000070d600000, 0x000000070d600000| Untracked 
|  26|0x000000070d800000, 0x000000070d800000, 0x000000070da00000|  0%| F|  |TAMS 0x000000070d800000, 0x000000070d800000| Untracked 
|  27|0x000000070da00000, 0x000000070da00000, 0x000000070dc00000|  0%| F|  |TAMS 0x000000070da00000, 0x000000070da00000| Untracked 
|  28|0x000000070dc00000, 0x000000070dc00000, 0x000000070de00000|  0%| F|  |TAMS 0x000000070dc00000, 0x000000070dc00000| Untracked 
|  29|0x000000070de00000, 0x000000070de00000, 0x000000070e000000|  0%| F|  |TAMS 0x000000070de00000, 0x000000070de00000| Untracked 
|  30|0x000000070e000000, 0x000000070e000000, 0x000000070e200000|  0%| F|  |TAMS 0x000000070e000000, 0x000000070e000000| Untracked 
|  31|0x000000070e200000, 0x000000070e200000, 0x000000070e400000|  0%| F|  |TAMS 0x000000070e200000, 0x000000070e200000| Untracked 
|  32|0x000000070e400000, 0x000000070e400000, 0x000000070e600000|  0%| F|  |TAMS 0x000000070e400000, 0x000000070e400000| Untracked 
|  33|0x000000070e600000, 0x000000070e600000, 0x000000070e800000|  0%| F|  |TAMS 0x000000070e600000, 0x000000070e600000| Untracked 
|  34|0x000000070e800000, 0x000000070e915200, 0x000000070ea00000| 54%| E|  |TAMS 0x000000070e800000, 0x000000070e800000| Complete 
|  35|0x000000070ea00000, 0x000000070ec00000, 0x000000070ec00000|100%| E|CS|TAMS 0x000000070ea00000, 0x000000070ea00000| Complete 
|  36|0x000000070ec00000, 0x000000070ee00000, 0x000000070ee00000|100%| E|CS|TAMS 0x000000070ec00000, 0x000000070ec00000| Complete 
|  37|0x000000070ee00000, 0x000000070f000000, 0x000000070f000000|100%| E|CS|TAMS 0x000000070ee00000, 0x000000070ee00000| Complete 
|  38|0x000000070f000000, 0x000000070f200000, 0x000000070f200000|100%| E|CS|TAMS 0x000000070f000000, 0x000000070f000000| Complete 
|  39|0x000000070f200000, 0x000000070f400000, 0x000000070f400000|100%| E|CS|TAMS 0x000000070f200000, 0x000000070f200000| Complete 
|  40|0x000000070f400000, 0x000000070f600000, 0x000000070f600000|100%| E|CS|TAMS 0x000000070f400000, 0x000000070f400000| Complete 
|  41|0x000000070f600000, 0x000000070f800000, 0x000000070f800000|100%| E|CS|TAMS 0x000000070f600000, 0x000000070f600000| Complete 
|  42|0x000000070f800000, 0x000000070f8b4ae0, 0x000000070fa00000| 35%| S|CS|TAMS 0x000000070f800000, 0x000000070f800000| Complete 
| 122|0x0000000719800000, 0x0000000719a00000, 0x0000000719a00000|100%| E|CS|TAMS 0x0000000719800000, 0x0000000719800000| Complete 

Card table byte_map: [0x0000014fb7400000,0x0000014fb7bb0000] _byte_map_base: 0x0000014fb3bae000

Marking Bits (Prev, Next): (CMBitMap*) 0x0000014fabdf1dc0, (CMBitMap*) 0x0000014fabdf1e00
 Prev Bits: [0x0000014fb8360000, 0x0000014fbc0d0000)
 Next Bits: [0x0000014fbc0d0000, 0x0000014fbfe40000)

Polling page: 0x0000014fa9d70000

Metaspace:

Usage:
  Non-class:     41.56 MB used.
      Class:      6.74 MB used.
       Both:     48.31 MB used.

Virtual space:
  Non-class space:       48.00 MB reserved,      41.81 MB ( 87%) committed,  6 nodes.
      Class space:        1.00 GB reserved,       6.94 MB ( <1%) committed,  1 nodes.
             Both:        1.05 GB reserved,      48.75 MB (  5%) committed. 

Chunk freelists:
   Non-Class:  2.11 MB
       Class:  1.02 MB
        Both:  3.12 MB

MaxMetaspaceSize: unlimited
CompressedClassSpaceSize: 1.00 GB
Initial GC threshold: 21.00 MB
Current GC threshold: 58.75 MB
CDS: on
MetaspaceReclaimPolicy: balanced
 - commit_granule_bytes: 65536.
 - commit_granule_words: 8192.
 - virtual_space_node_default_size: 1048576.
 - enlarge_chunks_in_place: 1.
 - new_chunks_are_fully_committed: 0.
 - uncommit_free_chunks: 1.
 - use_allocation_guard: 0.
 - handle_deallocations: 1.


Internal statistics:

num_allocs_failed_limit: 6.
num_arena_births: 632.
num_arena_deaths: 0.
num_vsnodes_births: 7.
num_vsnodes_deaths: 0.
num_space_committed: 780.
num_space_uncommitted: 0.
num_chunks_returned_to_freelist: 6.
num_chunks_taken_from_freelist: 2314.
num_chunk_merges: 6.
num_chunk_splits: 1637.
num_chunks_enlarged: 1260.
num_purges: 0.
num_inconsistent_stats: 0.

CodeCache: size=49152Kb used=14102Kb max_used=14102Kb free=35049Kb
 bounds [0x0000014fb35f0000, 0x0000014fb43c0000, 0x0000014fb65f0000]
 total_blobs=5925 nmethods=5294 adapters=551
 compilation: enabled
              stopped_count=0, restarted_count=0
 full_count=0

Compilation events (20 events):
Event: 3.831 Thread 0x0000014fc3919e60 5285       1       org.hibernate.mapping.SimpleValue::getColumnSpan (10 bytes)
Event: 3.831 Thread 0x0000014fc4f8acd0 nmethod 5284 0x0000014fb43ad110 code [0x0000014fb43ad2a0, 0x0000014fb43ad378]
Event: 3.831 Thread 0x0000014fc3919e60 nmethod 5285 0x0000014fb43ad410 code [0x0000014fb43ad5a0, 0x0000014fb43ad688]
Event: 3.831 Thread 0x0000014fc4f8d040 5286       1       com.mysql.cj.protocol.a.NativePacketPayload::<init> (37 bytes)
Event: 3.831 Thread 0x0000014fc4f8d040 nmethod 5286 0x0000014fb43ad710 code [0x0000014fb43ad8a0, 0x0000014fb43ada98]
Event: 3.832 Thread 0x0000014fc4f8cb30 5287       1       java.text.MessageFormat::<init> (56 bytes)
Event: 3.832 Thread 0x0000014fc4f8cb30 nmethod 5287 0x0000014fb43adb90 code [0x0000014fb43add60, 0x0000014fb43ae278]
Event: 3.834 Thread 0x0000014fc4f8b1e0 5288       1       java.text.MessageFormat::subformat (542 bytes)
Event: 3.834 Thread 0x0000014fc3919e60 5289       1       java.text.FieldPosition::<init> (25 bytes)
Event: 3.834 Thread 0x0000014fc4f8acd0 5290   !   1       com.mysql.cj.Messages::getString (99 bytes)
Event: 3.834 Thread 0x0000014fc3915890 5291       1       java.text.MessageFormat::format (15 bytes)
Event: 3.834 Thread 0x0000014fc4f8cb30 5292       1       java.text.Format::format (24 bytes)
Event: 3.834 Thread 0x0000014fc4f8d040 5293       1       java.text.MessageFormat::format (12 bytes)
Event: 3.834 Thread 0x0000014fc2ecc5a0 5294       1       com.mysql.cj.Messages::getString (8 bytes)
Event: 3.834 Thread 0x0000014fc3919e60 nmethod 5289 0x0000014fb43aea10 code [0x0000014fb43aeba0, 0x0000014fb43aec78]
Event: 3.834 Thread 0x0000014fc2ecc5a0 nmethod 5294 0x0000014fb43aed10 code [0x0000014fb43aeea0, 0x0000014fb43aef68]
Event: 3.834 Thread 0x0000014fc4f8d040 nmethod 5293 0x0000014fb43af010 code [0x0000014fb43af1a0, 0x0000014fb43af2e8]
Event: 3.834 Thread 0x0000014fc3915890 nmethod 5291 0x0000014fb43af390 code [0x0000014fb43af560, 0x0000014fb43af7f8]
Event: 3.834 Thread 0x0000014fc4f8cb30 nmethod 5292 0x0000014fb43af990 code [0x0000014fb43afb40, 0x0000014fb43afd48]
Event: 3.835 Thread 0x0000014fc4f8acd0 nmethod 5290 0x0000014fb43afe90 code [0x0000014fb43b0140, 0x0000014fb43b0a78]

GC Heap History (18 events):
Event: 0.824 GC heap before
{Heap before GC invocations=0 (full 0):
 garbage-first heap   total 251904K, used 20480K [0x000000070a400000, 0x0000000800000000)
  region size 2048K, 11 young (22528K), 0 survivors (0K)
 Metaspace       used 5399K, committed 5632K, reserved 1056768K
  class space    used 643K, committed 768K, reserved 1048576K
}
Event: 0.828 GC heap after
{Heap after GC invocations=1 (full 0):
 garbage-first heap   total 251904K, used 7329K [0x000000070a400000, 0x0000000800000000)
  region size 2048K, 2 young (4096K), 2 survivors (4096K)
 Metaspace       used 5399K, committed 5632K, reserved 1056768K
  class space    used 643K, committed 768K, reserved 1048576K
}
Event: 1.113 GC heap before
{Heap before GC invocations=1 (full 0):
 garbage-first heap   total 251904K, used 31905K [0x000000070a400000, 0x0000000800000000)
  region size 2048K, 15 young (30720K), 2 survivors (4096K)
 Metaspace       used 9459K, committed 9664K, reserved 1064960K
  class space    used 1243K, committed 1344K, reserved 1048576K
}
Event: 1.118 GC heap after
{Heap after GC invocations=2 (full 0):
 garbage-first heap   total 251904K, used 9148K [0x000000070a400000, 0x0000000800000000)
  region size 2048K, 1 young (2048K), 1 survivors (2048K)
 Metaspace       used 9459K, committed 9664K, reserved 1064960K
  class space    used 1243K, committed 1344K, reserved 1048576K
}
Event: 1.654 GC heap before
{Heap before GC invocations=2 (full 0):
 garbage-first heap   total 251904K, used 80828K [0x000000070a400000, 0x0000000800000000)
  region size 2048K, 37 young (75776K), 1 survivors (2048K)
 Metaspace       used 21209K, committed 21504K, reserved 1073152K
  class space    used 2848K, committed 3008K, reserved 1048576K
}
Event: 1.658 GC heap after
{Heap after GC invocations=3 (full 0):
 garbage-first heap   total 251904K, used 13433K [0x000000070a400000, 0x0000000800000000)
  region size 2048K, 3 young (6144K), 3 survivors (6144K)
 Metaspace       used 21209K, committed 21504K, reserved 1073152K
  class space    used 2848K, committed 3008K, reserved 1048576K
}
Event: 1.970 GC heap before
{Heap before GC invocations=4 (full 0):
 garbage-first heap   total 55296K, used 40057K [0x000000070a400000, 0x0000000800000000)
  region size 2048K, 17 young (34816K), 3 survivors (6144K)
 Metaspace       used 23096K, committed 23488K, reserved 1073152K
  class space    used 3135K, committed 3328K, reserved 1048576K
}
Event: 1.975 GC heap after
{Heap after GC invocations=5 (full 0):
 garbage-first heap   total 55296K, used 15022K [0x000000070a400000, 0x0000000800000000)
  region size 2048K, 1 young (2048K), 1 survivors (2048K)
 Metaspace       used 23096K, committed 23488K, reserved 1073152K
  class space    used 3135K, committed 3328K, reserved 1048576K
}
Event: 2.009 GC heap before
{Heap before GC invocations=5 (full 0):
 garbage-first heap   total 55296K, used 17070K [0x000000070a400000, 0x0000000800000000)
  region size 2048K, 2 young (4096K), 1 survivors (2048K)
 Metaspace       used 23275K, committed 23616K, reserved 1073152K
  class space    used 3164K, committed 3328K, reserved 1048576K
}
Event: 2.011 GC heap after
{Heap after GC invocations=6 (full 0):
 garbage-first heap   total 55296K, used 15373K [0x000000070a400000, 0x0000000800000000)
  region size 2048K, 1 young (2048K), 1 survivors (2048K)
 Metaspace       used 23275K, committed 23616K, reserved 1073152K
  class space    used 3164K, committed 3328K, reserved 1048576K
}
Event: 2.244 GC heap before
{Heap before GC invocations=6 (full 0):
 garbage-first heap   total 55296K, used 33805K [0x000000070a400000, 0x0000000800000000)
  region size 2048K, 10 young (20480K), 1 survivors (2048K)
 Metaspace       used 25776K, committed 26112K, reserved 1073152K
  class space    used 3600K, committed 3776K, reserved 1048576K
}
Event: 2.245 GC heap after
{Heap after GC invocations=7 (full 0):
 garbage-first heap   total 153600K, used 15857K [0x000000070a400000, 0x0000000800000000)
  region size 2048K, 1 young (2048K), 1 survivors (2048K)
 Metaspace       used 25776K, committed 26112K, reserved 1073152K
  class space    used 3600K, committed 3776K, reserved 1048576K
}
Event: 3.096 GC heap before
{Heap before GC invocations=7 (full 0):
 garbage-first heap   total 153600K, used 91633K [0x000000070a400000, 0x0000000800000000)
  region size 2048K, 39 young (79872K), 1 survivors (2048K)
 Metaspace       used 35521K, committed 35968K, reserved 1081344K
  class space    used 5017K, committed 5248K, reserved 1048576K
}
Event: 3.100 GC heap after
{Heap after GC invocations=8 (full 0):
 garbage-first heap   total 153600K, used 21038K [0x000000070a400000, 0x0000000800000000)
  region size 2048K, 4 young (8192K), 4 survivors (8192K)
 Metaspace       used 35521K, committed 35968K, reserved 1081344K
  class space    used 5017K, committed 5248K, reserved 1048576K
}
Event: 3.611 GC heap before
{Heap before GC invocations=9 (full 0):
 garbage-first heap   total 90112K, used 66094K [0x000000070a400000, 0x0000000800000000)
  region size 2048K, 26 young (53248K), 4 survivors (8192K)
 Metaspace       used 47418K, committed 47936K, reserved 1097728K
  class space    used 6630K, committed 6848K, reserved 1048576K
}
Event: 3.614 GC heap after
{Heap after GC invocations=10 (full 0):
 garbage-first heap   total 90112K, used 24307K [0x000000070a400000, 0x0000000800000000)
  region size 2048K, 2 young (4096K), 2 survivors (4096K)
 Metaspace       used 47418K, committed 47936K, reserved 1097728K
  class space    used 6630K, committed 6848K, reserved 1048576K
}
Event: 3.641 GC heap before
{Heap before GC invocations=10 (full 0):
 garbage-first heap   total 90112K, used 26355K [0x000000070a400000, 0x0000000800000000)
  region size 2048K, 3 young (6144K), 2 survivors (4096K)
 Metaspace       used 47440K, committed 47936K, reserved 1097728K
  class space    used 6633K, committed 6848K, reserved 1048576K
}
Event: 3.643 GC heap after
{Heap after GC invocations=11 (full 0):
 garbage-first heap   total 90112K, used 24564K [0x000000070a400000, 0x0000000800000000)
  region size 2048K, 1 young (2048K), 1 survivors (2048K)
 Metaspace       used 47440K, committed 47936K, reserved 1097728K
  class space    used 6633K, committed 6848K, reserved 1048576K
}

Deoptimization events (20 events):
Event: 3.811 Thread 0x0000014fc499d510 DEOPT PACKING pc=0x0000014fb3f15864 sp=0x0000003c0e5fc1c0
Event: 3.811 Thread 0x0000014fc499d510 DEOPT UNPACKING pc=0x0000014fb3642b43 sp=0x0000003c0e5fb738 mode 1
Event: 3.812 Thread 0x0000014fc499d510 DEOPT PACKING pc=0x0000014fb3f15864 sp=0x0000003c0e5fc1c0
Event: 3.812 Thread 0x0000014fc499d510 DEOPT UNPACKING pc=0x0000014fb3642b43 sp=0x0000003c0e5fb738 mode 1
Event: 3.812 Thread 0x0000014fc499d510 DEOPT PACKING pc=0x0000014fb3f15864 sp=0x0000003c0e5fc1c0
Event: 3.812 Thread 0x0000014fc499d510 DEOPT UNPACKING pc=0x0000014fb3642b43 sp=0x0000003c0e5fb738 mode 1
Event: 3.818 Thread 0x0000014fc499d510 DEOPT PACKING pc=0x0000014fb3f15864 sp=0x0000003c0e5fc140
Event: 3.818 Thread 0x0000014fc499d510 DEOPT UNPACKING pc=0x0000014fb3642b43 sp=0x0000003c0e5fb6b8 mode 1
Event: 3.829 Thread 0x0000014fc499d510 DEOPT PACKING pc=0x0000014fb3a55864 sp=0x0000003c0e5fbad0
Event: 3.829 Thread 0x0000014fc499d510 DEOPT UNPACKING pc=0x0000014fb3642b43 sp=0x0000003c0e5faf68 mode 1
Event: 3.829 Thread 0x0000014fc499d510 DEOPT PACKING pc=0x0000014fb3a54afc sp=0x0000003c0e5fbba0
Event: 3.829 Thread 0x0000014fc499d510 DEOPT UNPACKING pc=0x0000014fb3642b43 sp=0x0000003c0e5fb058 mode 1
Event: 3.829 Thread 0x0000014fc499d510 DEOPT PACKING pc=0x0000014fb3a2795c sp=0x0000003c0e5fc530
Event: 3.829 Thread 0x0000014fc499d510 DEOPT UNPACKING pc=0x0000014fb3642b43 sp=0x0000003c0e5fba20 mode 1
Event: 3.829 Thread 0x0000014fc499d510 DEOPT PACKING pc=0x0000014fb3a55864 sp=0x0000003c0e5fbad0
Event: 3.829 Thread 0x0000014fc499d510 DEOPT UNPACKING pc=0x0000014fb3642b43 sp=0x0000003c0e5faf68 mode 1
Event: 3.829 Thread 0x0000014fc499d510 DEOPT PACKING pc=0x0000014fb3a54afc sp=0x0000003c0e5fbba0
Event: 3.829 Thread 0x0000014fc499d510 DEOPT UNPACKING pc=0x0000014fb3642b43 sp=0x0000003c0e5fb058 mode 1
Event: 3.829 Thread 0x0000014fc499d510 DEOPT PACKING pc=0x0000014fb3a2795c sp=0x0000003c0e5fc530
Event: 3.829 Thread 0x0000014fc499d510 DEOPT UNPACKING pc=0x0000014fb3642b43 sp=0x0000003c0e5fba20 mode 1

Classes unloaded (0 events):
No events

Classes redefined (0 events):
No events

Internal exceptions (20 events):
Event: 2.678 Thread 0x0000014fc499d510 Exception <a 'java/lang/IncompatibleClassChangeError'{0x000000071164dde0}: Found class java.lang.Object, but interface was expected> (0x000000071164dde0) 
thrown [s\open\src\hotspot\share\interpreter\linkResolver.cpp, line 826]
Event: 2.679 Thread 0x0000014fc499d510 Exception <a 'java/lang/NoSuchMethodError'{0x0000000711653458}: 'void java.lang.invoke.DirectMethodHandle$Holder.invokeStatic(java.lang.Object, int, java.lang.Object)'> (0x0000000711653458) 
thrown [s\open\src\hotspot\share\interpreter\linkResolver.cpp, line 759]
Event: 2.820 Thread 0x0000014fc499d510 Exception <a 'sun/nio/fs/WindowsException'{0x0000000710806d28}> (0x0000000710806d28) 
thrown [s\open\src\hotspot\share\prims\jni.cpp, line 516]
Event: 2.821 Thread 0x0000014fc499d510 Exception <a 'sun/nio/fs/WindowsException'{0x000000071080c880}> (0x000000071080c880) 
thrown [s\open\src\hotspot\share\prims\jni.cpp, line 516]
Event: 2.821 Thread 0x0000014fc499d510 Exception <a 'sun/nio/fs/WindowsException'{0x000000071080cf58}> (0x000000071080cf58) 
thrown [s\open\src\hotspot\share\prims\jni.cpp, line 516]
Event: 2.837 Thread 0x0000014fc499d510 Exception <a 'java/lang/NoSuchMethodError'{0x000000071093a110}: 'java.lang.Object java.lang.invoke.DirectMethodHandle$Holder.invokeSpecial(java.lang.Object, java.lang.Object, long, java.lang.Object, java.lang.Object, java.lang.Object, java.lang.Object, java.lang.Object, java.lang.Object)'> (0x000000071093a110) 
thrown [s\open\src\hotspot\share\interpreter\linkResolver.cpp, line 759]
Event: 2.837 Thread 0x0000014fc499d510 Exception <a 'java/lang/NoSuchMethodError'{0x000000071093ec38}: 'java.lang.Object java.lang.invoke.DelegatingMethodHandle$Holder.reinvoke_L(java.lang.Object, long, java.lang.Object, java.lang.Object, java.lang.Object, java.lang.Object, java.lang.Object, java.lang.Object)'> (0x000000071093ec38) 
thrown [s\open\src\hotspot\share\interpreter\linkResolver.cpp, line 759]
Event: 2.837 Thread 0x0000014fc499d510 Exception <a 'java/lang/NoSuchMethodError'{0x000000071094b8e0}: 'java.lang.Object java.lang.invoke.Invokers$Holder.linkToTargetMethod(java.lang.Object, java.lang.Object, java.lang.Object, java.lang.Object, java.lang.Object, java.lang.Object, java.lang.Object)'> (0x000000071094b8e0) 
thrown [s\open\src\hotspot\share\interpreter\linkResolver.cpp, line 759]
Event: 2.865 Thread 0x0000014fc499d510 Exception <a 'java/io/FileNotFoundException'{0x0000000710743b60}> (0x0000000710743b60) 
thrown [s\open\src\hotspot\share\prims\jni.cpp, line 516]
Event: 2.879 Thread 0x0000014fc499d510 Exception <a 'java/lang/NoSuchMethodError'{0x000000071048c4d0}: 'int java.lang.invoke.DirectMethodHandle$Holder.invokeInterface(java.lang.Object, java.lang.Object, java.lang.Object, java.lang.Object)'> (0x000000071048c4d0) 
thrown [s\open\src\hotspot\share\interpreter\linkResolver.cpp, line 759]
Event: 2.912 Thread 0x0000014fc499d510 Exception <a 'java/lang/NoSuchMethodError'{0x000000071037cc30}: 'long java.lang.invoke.DirectMethodHandle$Holder.invokeVirtual(java.lang.Object, java.lang.Object)'> (0x000000071037cc30) 
thrown [s\open\src\hotspot\share\interpreter\linkResolver.cpp, line 759]
Event: 2.915 Thread 0x0000014fc499d510 Exception <a 'java/io/FileNotFoundException'{0x00000007103b5728}> (0x00000007103b5728) 
thrown [s\open\src\hotspot\share\prims\jni.cpp, line 516]
Event: 2.935 Thread 0x0000014fc4d578c0 Exception <a 'java/lang/reflect/InvocationTargetException'{0x0000000712816318}> (0x0000000712816318) 
thrown [s\open\src\hotspot\share\runtime\reflection.cpp, line 1121]
Event: 3.345 Thread 0x0000014fc499d510 Exception <a 'sun/nio/fs/WindowsException'{0x000000070dcdf550}> (0x000000070dcdf550) 
thrown [s\open\src\hotspot\share\prims\jni.cpp, line 516]
Event: 3.351 Thread 0x0000014fc499d510 Exception <a 'java/lang/NoSuchMethodError'{0x000000070dd3f240}: 'int java.lang.invoke.DirectMethodHandle$Holder.invokeStaticInit(java.lang.Object, java.lang.Object, java.lang.Object, java.lang.Object)'> (0x000000070dd3f240) 
thrown [s\open\src\hotspot\share\interpreter\linkResolver.cpp, line 759]
Event: 3.439 Thread 0x0000014fc4d578c0 Exception <a 'java/lang/reflect/InvocationTargetException'{0x000000070d609848}> (0x000000070d609848) 
thrown [s\open\src\hotspot\share\runtime\reflection.cpp, line 1121]
Event: 3.492 Thread 0x0000014fc499d510 Exception <a 'java/lang/NoSuchMethodError'{0x000000070d51cf18}: 'java.lang.Object java.lang.invoke.DirectMethodHandle$Holder.invokeStaticInit(java.lang.Object, java.lang.Object, java.lang.Object, java.lang.Object)'> (0x000000070d51cf18) 
thrown [s\open\src\hotspot\share\interpreter\linkResolver.cpp, line 759]
Event: 3.553 Thread 0x0000014fc499d510 Exception <a 'java/lang/NoSuchMethodError'{0x000000070cfc9e60}: 'java.lang.Object java.lang.invoke.DirectMethodHandle$Holder.newInvokeSpecial(java.lang.Object, java.lang.Object, java.lang.Object, int)'> (0x000000070cfc9e60) 
thrown [s\open\src\hotspot\share\interpreter\linkResolver.cpp, line 759]
Event: 3.553 Thread 0x0000014fc499d510 Exception <a 'java/lang/NoSuchMethodError'{0x000000070cfce148}: 'java.lang.Object java.lang.invoke.DirectMethodHandle$Holder.invokeSpecial(java.lang.Object, java.lang.Object, java.lang.Object, java.lang.Object, int)'> (0x000000070cfce148) 
thrown [s\open\src\hotspot\share\interpreter\linkResolver.cpp, line 759]
Event: 3.553 Thread 0x0000014fc499d510 Exception <a 'java/lang/NoSuchMethodError'{0x000000070cfd1d10}: 'java.lang.Object java.lang.invoke.Invokers$Holder.linkToTargetMethod(java.lang.Object, java.lang.Object, int, java.lang.Object)'> (0x000000070cfd1d10) 
thrown [s\open\src\hotspot\share\interpreter\linkResolver.cpp, line 759]

VM Operations (20 events):
Event: 3.101 Executing VM operation: Cleanup
Event: 3.101 Executing VM operation: Cleanup done
Event: 3.107 Executing VM operation: G1Concurrent
Event: 3.108 Executing VM operation: G1Concurrent done
Event: 3.110 Executing VM operation: G1Concurrent
Event: 3.110 Executing VM operation: G1Concurrent done
Event: 3.346 Executing VM operation: HandshakeAllThreads
Event: 3.346 Executing VM operation: HandshakeAllThreads done
Event: 3.348 Executing VM operation: HandshakeAllThreads
Event: 3.349 Executing VM operation: HandshakeAllThreads done
Event: 3.431 Executing VM operation: HandshakeAllThreads
Event: 3.431 Executing VM operation: HandshakeAllThreads done
Event: 3.564 Executing VM operation: HandshakeAllThreads
Event: 3.565 Executing VM operation: HandshakeAllThreads done
Event: 3.610 Executing VM operation: G1CollectForAllocation
Event: 3.614 Executing VM operation: G1CollectForAllocation done
Event: 3.616 Executing VM operation: Cleanup
Event: 3.616 Executing VM operation: Cleanup done
Event: 3.641 Executing VM operation: G1CollectForAllocation
Event: 3.643 Executing VM operation: G1CollectForAllocation done

Events (20 events):
Event: 3.833 loading class org/antlr/v4/runtime/ANTLRErrorListener
Event: 3.833 loading class org/antlr/v4/runtime/ANTLRErrorListener done
Event: 3.833 loading class org/hibernate/QueryException
Event: 3.833 loading class org/hibernate/QueryException done
Event: 3.833 loading class org/hibernate/query/sqm/InterpretationException
Event: 3.833 loading class org/hibernate/query/sqm/InterpretationException done
Event: 3.833 loading class org/antlr/v4/runtime/misc/ParseCancellationException
Event: 3.833 loading class org/antlr/v4/runtime/misc/ParseCancellationException done
Event: 3.833 loading class java/util/concurrent/CancellationException
Event: 3.833 loading class java/util/concurrent/CancellationException done
Event: 3.833 loading class org/hibernate/query/sqm/ParsingException
Event: 3.833 loading class org/hibernate/query/sqm/ParsingException done
Event: 3.834 loading class org/antlr/v4/runtime/ANTLRErrorStrategy
Event: 3.834 loading class org/antlr/v4/runtime/ANTLRErrorStrategy done
Event: 3.834 loading class org/hibernate/query/SemanticException
Event: 3.834 loading class org/hibernate/query/SemanticException done
Event: 3.834 loading class org/hibernate/query/hql/internal/StandardHqlTranslator$1
Event: 3.834 loading class org/hibernate/query/hql/internal/StandardHqlTranslator$1 done
Event: 3.834 loading class org/hibernate/query/sqm/sql/StandardSqmTranslatorFactory
Event: 3.834 loading class org/hibernate/query/sqm/sql/StandardSqmTranslatorFactory done


Dynamic libraries:
0x00007ff71d1a0000 - 0x00007ff71d1b0000 	C:\Program Files\Java\jdk-17\bin\java.exe
0x00007ffd4a430000 - 0x00007ffd4a647000 	C:\WINDOWS\SYSTEM32\ntdll.dll
0x00007ffd49af0000 - 0x00007ffd49bb4000 	C:\WINDOWS\System32\KERNEL32.DLL
0x00007ffd477b0000 - 0x00007ffd47b56000 	C:\WINDOWS\System32\KERNELBASE.dll
0x00007ffd47da0000 - 0x00007ffd47eb1000 	C:\WINDOWS\System32\ucrtbase.dll
0x00007ffd130d0000 - 0x00007ffd130eb000 	C:\Program Files\Java\jdk-17\bin\VCRUNTIME140.dll
0x00007ffd0b440000 - 0x00007ffd0b459000 	C:\Program Files\Java\jdk-17\bin\jli.dll
0x00007ffd49e20000 - 0x00007ffd49ed0000 	C:\WINDOWS\System32\ADVAPI32.dll
0x00007ffd49f40000 - 0x00007ffd49fe7000 	C:\WINDOWS\System32\msvcrt.dll
0x00007ffd48b70000 - 0x00007ffd48c16000 	C:\WINDOWS\System32\sechost.dll
0x00007ffd4a1a0000 - 0x00007ffd4a2b7000 	C:\WINDOWS\System32\RPCRT4.dll
0x00007ffd498e0000 - 0x00007ffd49a8e000 	C:\WINDOWS\System32\USER32.dll
0x00007ffd47cd0000 - 0x00007ffd47cf6000 	C:\WINDOWS\System32\win32u.dll
0x00007ffd38fa0000 - 0x00007ffd39233000 	C:\WINDOWS\WinSxS\amd64_microsoft.windows.common-controls_6595b64144ccf1df_6.0.22621.2361_none_2712ced57382f843\COMCTL32.dll
0x00007ffd49d20000 - 0x00007ffd49d49000 	C:\WINDOWS\System32\GDI32.dll
0x00007ffd48000000 - 0x00007ffd48118000 	C:\WINDOWS\System32\gdi32full.dll
0x00007ffd47d00000 - 0x00007ffd47d9a000 	C:\WINDOWS\System32\msvcp_win.dll
0x00007ffd41220000 - 0x00007ffd4122a000 	C:\WINDOWS\SYSTEM32\VERSION.dll
0x00007ffd49d50000 - 0x00007ffd49d81000 	C:\WINDOWS\System32\IMM32.DLL
0x00007ffd221b0000 - 0x00007ffd221bc000 	C:\Program Files\Java\jdk-17\bin\vcruntime140_1.dll
0x00007ffcb9710000 - 0x00007ffcb979e000 	C:\Program Files\Java\jdk-17\bin\msvcp140.dll
0x00007ffcb8b30000 - 0x00007ffcb970d000 	C:\Program Files\Java\jdk-17\bin\server\jvm.dll
0x00007ffd496d0000 - 0x00007ffd496d8000 	C:\WINDOWS\System32\PSAPI.DLL
0x00007ffd411d0000 - 0x00007ffd41204000 	C:\WINDOWS\SYSTEM32\WINMM.dll
0x00007ffd427c0000 - 0x00007ffd427c9000 	C:\WINDOWS\SYSTEM32\WSOCK32.dll
0x00007ffd48af0000 - 0x00007ffd48b61000 	C:\WINDOWS\System32\WS2_32.dll
0x00007ffd46750000 - 0x00007ffd46768000 	C:\WINDOWS\SYSTEM32\kernel.appcore.dll
0x00007ffd1fd10000 - 0x00007ffd1fd1a000 	C:\Program Files\Java\jdk-17\bin\jimage.dll
0x00007ffd3fe70000 - 0x00007ffd4009e000 	C:\WINDOWS\SYSTEM32\DBGHELP.DLL
0x00007ffd48c50000 - 0x00007ffd48fda000 	C:\WINDOWS\System32\combase.dll
0x00007ffd49800000 - 0x00007ffd498d7000 	C:\WINDOWS\System32\OLEAUT32.dll
0x00007ffd32210000 - 0x00007ffd32242000 	C:\WINDOWS\SYSTEM32\dbgcore.DLL
0x00007ffd47ec0000 - 0x00007ffd47f3a000 	C:\WINDOWS\System32\bcryptPrimitives.dll
0x00007ffd31a80000 - 0x00007ffd31abb000 	C:\Program Files\Java\jdk-17\bin\jdwp.dll
0x00007ffd42020000 - 0x00007ffd4202e000 	C:\Program Files\Java\jdk-17\bin\instrument.dll
0x00007ffd0a9e0000 - 0x00007ffd0aa05000 	C:\Program Files\Java\jdk-17\bin\java.dll
0x00007ffd0a9c0000 - 0x00007ffd0a9d8000 	C:\Program Files\Java\jdk-17\bin\zip.dll
0x00007ffcb8a50000 - 0x00007ffcb8b27000 	C:\Program Files\Java\jdk-17\bin\jsvml.dll
0x00007ffd48190000 - 0x00007ffd489e8000 	C:\WINDOWS\System32\SHELL32.dll
0x00007ffd456c0000 - 0x00007ffd45fb2000 	C:\WINDOWS\SYSTEM32\windows.storage.dll
0x00007ffd45580000 - 0x00007ffd456be000 	C:\WINDOWS\SYSTEM32\wintypes.dll
0x00007ffd489f0000 - 0x00007ffd48ae3000 	C:\WINDOWS\System32\SHCORE.dll
0x00007ffd49a90000 - 0x00007ffd49aee000 	C:\WINDOWS\System32\shlwapi.dll
0x00007ffd476e0000 - 0x00007ffd47706000 	C:\WINDOWS\SYSTEM32\profapi.dll
0x00007ffd3a930000 - 0x00007ffd3a93c000 	C:\Program Files\Java\jdk-17\bin\dt_socket.dll
0x00007ffd46260000 - 0x00007ffd4628d000 	C:\WINDOWS\SYSTEM32\IPHLPAPI.DLL
0x00007ffd46c20000 - 0x00007ffd46c89000 	C:\WINDOWS\system32\mswsock.dll
0x00007ffd00e80000 - 0x00007ffd00e99000 	C:\Program Files\Java\jdk-17\bin\net.dll
0x00007ffd41090000 - 0x00007ffd411c7000 	C:\WINDOWS\SYSTEM32\WINHTTP.dll
0x00007ffcff840000 - 0x00007ffcff856000 	C:\Program Files\Java\jdk-17\bin\nio.dll
0x00007ffd46290000 - 0x00007ffd46389000 	C:\WINDOWS\SYSTEM32\DNSAPI.dll
0x00007ffd48c20000 - 0x00007ffd48c29000 	C:\WINDOWS\System32\NSI.dll
0x00007ffd3f370000 - 0x00007ffd3f37a000 	C:\Windows\System32\rasadhlp.dll
0x00007ffd3fde0000 - 0x00007ffd3fe64000 	C:\WINDOWS\System32\fwpuclnt.dll
0x00007ffd41e70000 - 0x00007ffd41e7a000 	C:\Program Files\Java\jdk-17\bin\management.dll
0x00007ffd41250000 - 0x00007ffd4125b000 	C:\Program Files\Java\jdk-17\bin\management_ext.dll
0x00007ffd46e70000 - 0x00007ffd46e8b000 	C:\WINDOWS\SYSTEM32\CRYPTSP.dll
0x00007ffd46710000 - 0x00007ffd46745000 	C:\WINDOWS\system32\rsaenh.dll
0x00007ffd46cc0000 - 0x00007ffd46cec000 	C:\WINDOWS\SYSTEM32\USERENV.dll
0x00007ffd47060000 - 0x00007ffd47088000 	C:\WINDOWS\SYSTEM32\bcrypt.dll
0x00007ffd46e30000 - 0x00007ffd46e3c000 	C:\WINDOWS\SYSTEM32\CRYPTBASE.dll
0x00007ffd41230000 - 0x00007ffd41249000 	C:\WINDOWS\SYSTEM32\dhcpcsvc6.DLL
0x00007ffd40e80000 - 0x00007ffd40e9f000 	C:\WINDOWS\SYSTEM32\dhcpcsvc.DLL
0x00007ffd20070000 - 0x00007ffd20087000 	C:\WINDOWS\system32\napinsp.dll
0x00007ffd20050000 - 0x00007ffd2006b000 	C:\WINDOWS\system32\pnrpnsp.dll
0x00007ffd1fd80000 - 0x00007ffd1fd91000 	C:\WINDOWS\System32\winrnr.dll
0x00007ffd1fd20000 - 0x00007ffd1fd35000 	C:\WINDOWS\system32\wshbth.dll
0x00007ffd1f7b0000 - 0x00007ffd1f7d1000 	C:\WINDOWS\system32\nlansp_c.dll
0x00007ffd1b8b0000 - 0x00007ffd1b8c0000 	C:\Program Files\Java\jdk-17\bin\verify.dll
0x00007ffd3a940000 - 0x00007ffd3a94d000 	C:\Program Files\Java\jdk-17\bin\sunmscapi.dll
0x00007ffd47b60000 - 0x00007ffd47cc6000 	C:\WINDOWS\System32\CRYPT32.dll
0x00007ffd47030000 - 0x00007ffd4705d000 	C:\WINDOWS\SYSTEM32\ncrypt.dll
0x00007ffd46ff0000 - 0x00007ffd47027000 	C:\WINDOWS\SYSTEM32\NTASN1.dll

dbghelp: loaded successfully - version: 4.0.5 - missing functions: none
symbol engine: initialized successfully - sym options: 0x614 - pdb path: .;C:\Program Files\Java\jdk-17\bin;C:\WINDOWS\SYSTEM32;C:\WINDOWS\WinSxS\amd64_microsoft.windows.common-controls_6595b64144ccf1df_6.0.22621.2361_none_2712ced57382f843;C:\Program Files\Java\jdk-17\bin\server

VM Arguments:
jvm_args: -agentlib:jdwp=transport=dt_socket,address=127.0.0.1:57959,suspend=y,server=n -XX:TieredStopAtLevel=1 -Dspring.output.ansi.enabled=always -Dcom.sun.management.jmxremote -Dspring.jmx.enabled=true -Dspring.liveBeansView.mbeanDomain -Dspring.application.admin.enabled=true -Dmanagement.endpoints.jmx.exposure.include=* -javaagent:C:\Users\truon\AppData\Local\JetBrains\IntelliJIdea2023.2\captureAgent\debugger-agent.jar=file:/C:/Users/truon/AppData/Local/Temp/capture.props -Dfile.encoding=UTF-8 
java_command: tech.fublog.FuBlog.FuBlogApplication
java_class_path (initial): D:\Docm\--Dev--\Github\.project\FBlog-duong -- remake\FBlog-duong\target\classes;C:\Users\truon\.m2\repository\org\hibernate\validator\hibernate-validator\8.0.0.Final\hibernate-validator-8.0.0.Final.jar;C:\Users\truon\.m2\repository\jakarta\validation\jakarta.validation-api\3.0.2\jakarta.validation-api-3.0.2.jar;C:\Users\truon\.m2\repository\org\jboss\logging\jboss-logging\3.5.0.Final\jboss-logging-3.5.0.Final.jar;C:\Users\truon\.m2\repository\com\fasterxml\classmate\1.5.1\classmate-1.5.1.jar;C:\Users\truon\.m2\repository\org\springframework\boot\spring-boot-starter-data-jpa\3.0.2\spring-boot-starter-data-jpa-3.0.2.jar;C:\Users\truon\.m2\repository\org\springframework\boot\spring-boot-starter-aop\3.0.2\spring-boot-starter-aop-3.0.2.jar;C:\Users\truon\.m2\repository\org\aspectj\aspectjweaver\1.9.19\aspectjweaver-1.9.19.jar;C:\Users\truon\.m2\repository\org\springframework\boot\spring-boot-starter-jdbc\3.0.2\spring-boot-starter-jdbc-3.0.2.jar;C:\Users\truon\.m2\repository\com\zaxxer\HikariCP\5.0.1\HikariCP-5.0.1.jar;C:\Users\truon\.m2\repository\org\springframework\spring-jdbc\6.0.4\spring-jdbc-6.0.4.jar;C:\Users\truon\.m2\repository\org\hibernate\orm\hibernate-core\6.1.6.Final\hibernate-core-6.1.6.Final.jar;C:\Users\truon\.m2\repository\jakarta\persistence\jakarta.persistence-api\3.1.0\jakarta.persistence-api-3.1.0.jar;C:\Users\truon\.m2\repository\jakarta\transaction\jakarta.transaction-api\2.0.1\jakarta.transaction-api-2.0.1.jar;C:\Users\truon\.m2\repository\org\hibernate\common\hibernate-commons-annotations\6.0.2.Final\hibernate-commons-annotations-6.0.2.Final.jar;C:\Users\truon\.m2\repository\org\jboss\jandex\2.4.2.Final\jandex-2.4.2.Final.jar;C:\Users\truon\.m2\repository\net\bytebuddy\byte-buddy\1.12.22\byte-buddy-1.12.22.jar;C:\Users\truon\.m2\repository\org\glassfish\jaxb\jaxb-runtime\4.0.1\jaxb-runtime-4.0.1.jar;C:\Users\truon\.m2\repository\org\glassfish\jaxb\jaxb-core\4.0.1\jaxb-core-4.0.1.jar;C:\Users\truon\.m2\repository\org\
Launcher Type: SUN_STANDARD

[Global flags]
     intx CICompilerCount                          = 12                                        {product} {ergonomic}
     uint ConcGCThreads                            = 3                                         {product} {ergonomic}
     uint G1ConcRefinementThreads                  = 13                                        {product} {ergonomic}
   size_t G1HeapRegionSize                         = 2097152                                   {product} {ergonomic}
    uintx GCDrainStackTargetSize                   = 64                                        {product} {ergonomic}
   size_t InitialHeapSize                          = 257949696                                 {product} {ergonomic}
     bool ManagementServer                         = true                                      {product} {command line}
   size_t MarkStackSize                            = 4194304                                   {product} {ergonomic}
   size_t MaxHeapSize                              = 4123000832                                {product} {ergonomic}
   size_t MaxNewSize                               = 2472542208                                {product} {ergonomic}
   size_t MinHeapDeltaBytes                        = 2097152                                   {product} {ergonomic}
   size_t MinHeapSize                              = 8388608                                   {product} {ergonomic}
    uintx NonProfiledCodeHeapSize                  = 0                                      {pd product} {ergonomic}
     bool ProfileInterpreter                       = false                                  {pd product} {command line}
    uintx ProfiledCodeHeapSize                     = 0                                      {pd product} {ergonomic}
   size_t SoftMaxHeapSize                          = 4123000832                             {manageable} {ergonomic}
     intx TieredStopAtLevel                        = 1                                         {product} {command line}
     bool UseCompressedClassPointers               = true                           {product lp64_product} {ergonomic}
     bool UseCompressedOops                        = true                           {product lp64_product} {ergonomic}
     bool UseG1GC                                  = true                                      {product} {ergonomic}
     bool UseLargePagesIndividualAllocation        = false                                  {pd product} {ergonomic}

Logging:
Log output configuration:
 #0: stdout all=warning uptime,level,tags
 #1: stderr all=off uptime,level,tags

Environment Variables:
JAVA_HOME=C:\Program Files\Java\jdk-17
PATH=C:\Program Files\Microsoft\jdk-11.0.16.101-hotspot\bin;C:\Program Files\Common Files\Oracle\Java\javapath;C:\Program Files (x86)\Common Files\Oracle\Java\javapath;C:\Program Files (x86)\Razer Chroma SDK\bin;C:\Program Files\Razer Chroma SDK\bin;C:\Program Files (x86)\Razer\ChromaBroadcast\bin;C:\Program Files\Razer\ChromaBroadcast\bin;C:\Windows\system32;C:\Windows;C:\Windows\System32\Wbem;C:\Windows\System32\WindowsPowerShell\v1.0\;C:\Windows\System32\OpenSSH\;C:\Program Files (x86)\NVIDIA Corporation\PhysX\Common;C:\WINDOWS\system32;C:\WINDOWS;C:\WINDOWS\System32\Wbem;C:\WINDOWS\System32\WindowsPowerShell\v1.0\;C:\WINDOWS\System32\OpenSSH\;C:\Program Files\Microsoft SQL Server\Client SDK\ODBC\170\Tools\Binn\;C:\Program Files (x86)\Microsoft SQL Server\150\Tools\Binn\;C:\Program Files\Microsoft SQL Server\150\Tools\Binn\;C:\Program Files\Microsoft SQL Server\150\DTS\Binn\;C:\Program Files (x86)\Microsoft SQL Server\160\DTS\Binn\;C:\Program Files\Azure Data Studio\bin;C:\Program Files\dotnet\;C:\Users\truon\AppData\Local\Microsoft\WindowsApps;C:\WINDOWS\system32\config\systemprofile\AppData\Local\Microsoft\WindowsApps;C:\Program Files\NVIDIA Corporation\NVIDIA NvDLISR;C:\Program Files\Git\cmd;C:\Program Files\Java\apache-maven-3.9.4\bin;;C:\Program Files\Docker\Docker\resources\bin;C:\Users\truon\AppData\Local\Microsoft\WindowsApps;C:\Program Files\Azure Data Studio\bin;C:\Users\truon\AppData\Local\Programs\Microsoft VS Code\bin;C:\Users\truon\.dotnet\tools;D:\Docm\-- Dev --\C#\PRN211\Session01-Introduction\Dozun.CsIntro\Dozun.CsIntro.LanguageIntro\bin\Debug\net6.0;V:\Software\apps\coding\testing\sonar-scanner-cli-5.0.1.3006-windows\sonar-scanner-5.0.1.3006-windows\bin;
USERNAME=truon
OS=Windows_NT
PROCESSOR_IDENTIFIER=AMD64 Family 25 Model 80 Stepping 0, AuthenticAMD



---------------  S Y S T E M  ---------------

OS:
 Windows 11 , 64 bit Build 22621 (10.0.22621.2361)
OS uptime: 0 days 11:48 hours
Hyper-V role detected

CPU: total 16 (initial active 16) (16 cores per cpu, 2 threads per core) family 25 model 80 stepping 0 microcode 0x0, cx8, cmov, fxsr, ht, mmx, 3dnowpref, sse, sse2, sse3, ssse3, sse4a, sse4.1, sse4.2, popcnt, lzcnt, tsc, tscinvbit, avx, avx2, aes, erms, clmul, bmi1, bmi2, adx, sha, fma, vzeroupper, clflush, clflushopt, hv

Memory: 4k page, system-wide physical 15724M (4276M free)
TotalPageFile size 51629M (AvailPageFile size 13M)
current process WorkingSet (physical memory assigned to process): 214M, peak: 236M
current process commit charge ("private bytes"): 273M, peak: 386M

vm_info: Java HotSpot(TM) 64-Bit Server VM (17.0.7+8-LTS-224) for windows-amd64 JRE (17.0.7+8-LTS-224), built on Feb 28 2023 23:03:02 by "mach5one" with MS VC++ 17.1 (VS2022)

END.
